Arguments: 
  /usr/bin/node /usr/bin/yarn start

PATH: 
  /home/jon/.perl5/bin:/usr/bin/ninja:/home/jon/.local/lib/depot_tools:/home/jon/.scripts/cmaker:/usr/local/bin:/home/jon/.cargo/bin:/home/jon/.local/share/nvim/mason/bin:/home/jon/.perl5/bin:/usr/bin/ninja:/home/jon/.local/lib/depot_tools:/home/jon/.scripts/cmaker:/usr/local/bin:/home/jon/.cargo/bin:/home/jon/.local/bin:/home/jon/.perl5/bin:/usr/bin/ninja:/home/jon/.local/lib/depot_tools:/home/jon/.scripts/cmaker:/usr/local/bin:/home/jon/.cargo/bin:/home/jon/.cargo/bin:/home/jon/.local/bin:/home/jon/bin:/home/jon/.local/bin:/usr/local/sbin:/usr/local/bin:/usr/sbin:/usr/bin:/sbin:/bin:/usr/games:/usr/local/games:/snap/bin

Yarn version: 
  1.22.19

Node version: 
  19.7.0

Platform: 
  linux x64

Trace: 
  SyntaxError: /home/jon/dev/chess-wasm/js/package.json: Expected double-quoted property name in JSON at position 660
      at JSON.parse (<anonymous>)
      at /usr/lib/node_modules/yarn/lib/cli.js:1629:59
      at Generator.next (<anonymous>)
      at step (/usr/lib/node_modules/yarn/lib/cli.js:310:30)
      at /usr/lib/node_modules/yarn/lib/cli.js:321:13

npm manifest: 
  {
    "name": "chess",
    "version": "0.1.0",
    "private": true,
    "dependencies": {
      "@testing-library/jest-dom": "^5.16.5",
      "@testing-library/react": "^13.4.0",
      "@testing-library/user-event": "^13.5.0",
      "chess.js": "^1.0.0-beta.3",
      "react": "^18.2.0",
      "react-chessboard": "^2.0.8",
      "react-dom": "^18.2.0",
      "react-scripts": "5.0.1",
      "web-vitals": "^2.1.4"
    },
    "scripts": {
      "start": "react-scripts start",
      "build": "react-scripts build",
      "test": "react-scripts test",
      "eject": "react-scripts eject"
    },
    "eslintConfig": {
      "extends": [
        "react-app",
        "react-app/jest"
      ],
      "es6": true,
    },
    "browserslist": {
      "production": [
        ">0.2%",
        "not dead",
        "not op_mini all"
      ],
      "development": [
        "last 1 chrome version",
        "last 1 firefox version",
        "last 1 safari version"
      ]
    },
    "devDependencies": {
      "tailwindcss": "^3.2.7"
    }
  }

yarn manifest: 
  No manifest

Lockfile: 
  No lockfile
